1337111,次数：1
1326554,次数：1
1524345,次数：1
1371508,次数：1
1338236,次数：1
1381509,次数：1
1307611,次数：1
1346380,次数：1
1560232,次数：1
1525380,次数：1
1837645,次数：1
1652200,次数：1
1803219,次数：1
1561920,次数：1
1581486,次数：1
1776993,次数：1
1777234,次数：1
1884577,次数：1
1340204,次数：1
1825001,次数：1
1521465,次数：1
1591059,次数：1
1861025,次数：1
1331774,次数：1
1513627,次数：1
1860492,次数：1
1364036,次数：1
1359039,次数：1
1594290,次数：1
1807875,次数：1
1707191,次数：1
1561740,次数：1
1353159,次数：1
1869577,次数：3
1323596,次数：1
1818661,次数：1
1762039,次数：1
1830247,次数：1
1887718,次数：1
1397748,次数：1
1766648,次数：1
1379962,次数：1
1511975,次数：1
1313846,次数：1
1372442,次数：1
1376075,次数：1
1384555,次数：1
1511360,次数：1
1314043,次数：1
1535420,次数：1
1995910,次数：1
1872663,次数：1
1855897,次数：1
1775412,次数：1
1397232,次数：1
1562957,次数：1
1528019,次数：1
1327771,次数：1
1763471,次数：1
1895099,次数：1
1521971,次数：1
1528016,次数：1
1892860,次数：1
1331781,次数：1
1378872,次数：1
1769315,次数：1
1762511,次数：1
1895625,次数：1
1560822,次数：1
1812498,次数：1
1755425,次数：1
1865092,次数：1
1333509,次数：1
1520620,次数：1
1375775,次数：1
1871898,次数：1
1881839,次数：1
1822565,次数：1
1372824,次数：1
1832455,次数：1
1662061,次数：1
1366846,次数：1
1592228,次数：1
1565009,次数：1
1517747,次数：1
1534712,次数：1
1787760,次数：1
1535086,次数：1
1515458,次数：1
1980565,次数：1
1520519,次数：1
1511440,次数：1
1802720,次数：1
1870625,次数：1
1351204,次数：1
1826247,次数：1
1843464,次数：1
1556670,次数：1
1818259,次数：1
1827020,次数：1
1372871,次数：1
1364431,次数：1
1363259,次数：1
1335674,次数：1
1389786,次数：1
1503671,次数：1
1325807,次数：1
1338420,次数：1
1814100,次数：2
1334235,次数：1
1536392,次数：1
1535990,次数：1
1843110,次数：1
1552652,次数：1
1385449,次数：1
1887555,次数：1
1500086,次数：1
1595360,次数：2
1874161,次数：1
1585081,次数：1
1383072,次数：1
1591318,次数：1
1379618,次数：1
1751633,次数：3
1596585,次数：1
1870668,次数：1
1571338,次数：1
1874171,次数：1
1382196,次数：1
1531898,次数：1
1336424,次数：1
1896365,次数：1
1516046,次数：1
1522782,次数：1
1338536,次数：1
1751870,次数：2
1890636,次数：1
1371255,次数：1
1375058,次数：1
1581305,次数：1
1770321,次数：1
1355645,次数：1
1853504,次数：1
1815536,次数：1
1591012,次数：1
1850891,次数：1
1899890,次数：1
1359922,次数：1
1354574,次数：1
1760655,次数：1
1312153,次数：2
1369138,次数：7
1361215,次数：1
1535087,次数：1
1995178,次数：1
1312000,次数：1
1530797,次数：1
1361209,次数：1
1384628,次数：1
1708866,次数：1
1330418,次数：1
1516710,次数：1
1361217,次数：1
1870678,次数：1
1803209,次数：1
1778098,次数：1
1520898,次数：1
1359915,次数：1
1752693,次数：1
1309261,次数：1
1359957,次数：1
1355255,次数：2
1855533,次数：1
1663022,次数：1
1823510,次数：1
1892259,次数：1
1786028,次数：1
1598982,次数：1
1371847,次数：7
1368520,次数：1
1867636,次数：1
1520398,次数：1
1365519,次数：1
1300782,次数：1
1563275,次数：1
1839853,次数：1
1343312,次数：1
1352286,次数：1
1859520,次数：1
1301746,次数：3
1854669,次数：4
1369922,次数：1
1864630,次数：1
1850168,次数：1
1785697,次数：1
1307137,次数：1
1832770,次数：1
1817515,次数：1
1785176,次数：1
1820674,次数：1
1873072,次数：1
1390988,次数：1
1871013,次数：4
1588426,次数：1
1576458,次数：1
1871458,次数：1
1588365,次数：1
1842837,次数：1
1386721,次数：1
1524493,次数：1
1307458,次数：1
1831105,次数：1
1598294,次数：2
1528285,次数：2
1582842,次数：1
1557944,次数：2
1503295,次数：1
1874589,次数：1
1577606,次数：2
1844584,次数：1
1848256,次数：1
1830458,次数：1
1557908,次数：10
1774183,次数：4
1832466,次数：1
1762153,次数：1
1340802,次数：1
1318549,次数：1
1377615,次数：1
1598492,次数：2
1509315,次数：1
1523090,次数：1
1884585,次数：2
1506746,次数：1
1844582,次数：2
1891991,次数：1
1884581,次数：1
1830840,次数：1
1524589,次数：1
1878316,次数：1
1821031,次数：1
1870435,次数：1
1842808,次数：2
1824981,次数：1
1838044,次数：1
1347347,次数：1
1340805,次数：1
1848204,次数：1
1323051,次数：1
1884584,次数：1
1570458,次数：1
1588341,次数：1
1820040,次数：1
1509459,次数：1
1760044,次数：1
1570717,次数：1
1587463,次数：1
1570713,次数：1
1319029,次数：1
1824989,次数：1
1831103,次数：1
1828313,次数：1
1588369,次数：2
1557920,次数：1
1528313,次数：1
1784508,次数：2
1834934,次数：1
1503331,次数：1
1838019,次数：1
1811048,次数：1
1513055,次数：2
1335449,次数：1
1345855,次数：1
1528425,次数：1
1832465,次数：1
1828024,次数：1
1884623,次数：2
1838041,次数：1
1389458,次数：1
1594350,次数：1
1844583,次数：1
1881458,次数：1
1587996,次数：1
1820041,次数：1
1874581,次数：1
1523096,次数：1
1592849,次数：1
1340852,次数：1
1562150,次数：1
1840458,次数：2
1870458,次数：1
1822448,次数：1
1363485,次数：1
1389454,次数：1
1580845,次数：1
1586870,次数：3
1828014,次数：1
1370014,次数：1
1840285,次数：1
1573201,次数：1
1848213,次数：1
1834913,次数：1
1509457,次数：1
1573697,次数：1
1384662,次数：1
1884583,次数：1
1378306,次数：1
1384359,次数：1
1760526,次数：1
1528287,次数：1
1371848,次数：3
1761031,次数：1
1369819,次数：1
1594055,次数：1
1832804,次数：1
1871010,次数：1
1311050,次数：1
1840286,次数：1
1385216,次数：1
1871380,次数：1
1333210,次数：1
1588147,次数：1
1551087,次数：1
1772217,次数：1
1361700,次数：1
1352292,次数：13
1525483,次数：1
1730604,次数：1
1383631,次数：1
1320846,次数：9
1322458,次数：8
1320844,次数：3
1323491,次数：1
1369920,次数：2
1761038,次数：1
1319703,次数：1
1822963,次数：1
1581548,次数：1
1352298,次数：1
1320848,次数：3
1861825,次数：1
1322318,次数：1
1910434,次数：1
1325863,次数：1
1852329,次数：2
1992453,次数：1
1326358,次数：1
1804187,次数：1
1369923,次数：3
1762195,次数：1
1580308,次数：1
1355280,次数：1
1355256,次数：3
1322459,次数：2
1341470,次数：1
1365068,次数：1
1328459,次数：1
1585854,次数：1
1387479,次数：1
1827700,次数：1
1373696,次数：1
1858105,次数：1
1871012,次数：2
1327465,次数：2
1504163,次数：1
1320459,次数：3
1371935,次数：1
1587147,次数：1
1309169,次数：1
1362715,次数：1
1557461,次数：1
1914372,次数：1
1550674,次数：1
1347257,次数：1
1358758,次数：1
1303683,次数：1
1368078,次数：1
1519892,次数：1
1852471,次数：1
1532395,次数：1
1315124,次数：1
1866906,次数：1
1560842,次数：1
1335669,次数：1
1369137,次数：6
1863269,次数：1
1300639,次数：1
1511687,次数：1
1355196,次数：1
1505797,次数：2
1872866,次数：1
1322922,次数：1
1518247,次数：1
1828159,次数：1
1811232,次数：9
1846460,次数：1
1524676,次数：1
1347346,次数：7
1894184,次数：1
1802359,次数：1
1364500,次数：1
1789795,次数：1
1801506,次数：1
1713077,次数：7
1322337,次数：1
1470943,次数：4
1388286,次数：1
1367016,次数：1
1885618,次数：1
1812556,次数：1
1598491,次数：1
1863959,次数：1
1515124,次数：1
1570032,次数：1
1347354,次数：2
1734526,次数：1
1775557,次数：1
1987655,次数：1
1830022,次数：1
1347352,次数：3
1773573,次数：1
1773156,次数：1
1855900,次数：1
1355061,次数：1
1347892,次数：1
1735689,次数：1
1802358,次数：3
1550435,次数：1
1853730,次数：1
1593326,次数：1
1383610,次数：1
1814422,次数：1
1329061,次数：1
1755097,次数：1
1301997,次数：1
1312713,次数：1
1350430,次数：1
1894695,次数：2
1347315,次数：20
1395647,次数：1
1340325,次数：1
1352299,次数：2
1850392,次数：1
1893140,次数：1
1528969,次数：1
1347344,次数：2
1512819,次数：1
1856554,次数：1
1875095,次数：1
1776200,次数：1
1331968,次数：3
1507904,次数：1
1834185,次数：1
1584460,次数：1
1551717,次数：1
1355259,次数：1
1568936,次数：1
1328677,次数：1
1856801,次数：1
1369924,次数：1
1359215,次数：1
1328252,次数：1
1733868,次数：1
1378100,次数：1
1500838,次数：1
1323176,次数：1
1354171,次数：1
1531441,次数：2
1330422,次数：1
1838385,次数：1
1863129,次数：1
1305265,次数：1
1363647,次数：1
1776323,次数：1
1860447,次数：1
1999761,次数：1
1518109,次数：1
1589325,次数：1
1857752,次数：1
1346780,次数：1
1312722,次数：1
1813883,次数：1
1765990,次数：1
1780471,次数：1
1312416,次数：1
1524340,次数：3
0,次数：2
1355251,次数：2
1343231,次数：1
1512064,次数：1
1333691,次数：1
1885248,次数：1
1328789,次数：1
1563858,次数：1
1352297,次数：2
1589248,次数：1
1369139,次数：3
1364700,次数：1
1479339,次数：1
1894633,次数：1
1586434,次数：1
1660459,次数：1
1308426,次数：1
1823754,次数：1
1347353,次数：2
1338372,次数：2
1824718,次数：1
1355253,次数：1
1838383,次数：1
1305906,次数：1
1893144,次数：1
1357021,次数：1
1334561,次数：1
1877541,次数：1
1572920,次数：1
1583758,次数：1
1566116,次数：1
1756142,次数：1
1595940,次数：1
1536971,次数：1
1503611,次数：1
1881047,次数：1
1348398,次数：1
1854698,次数：1
1339319,次数：1
1824715,次数：1
1399776,次数：1
1372360,次数：1
1502035,次数：1
1870898,次数：1
1352287,次数：1
1564169,次数：1
1391159,次数：1
1381512,次数：1
1315780,次数：1
1355063,次数：1
1314686,次数：1
1775351,次数：2
1524342,次数：2
1306913,次数：1
1803073,次数：1
1343227,次数：1
1773724,次数：1
1343848,次数：1
1348178,次数：1
1570169,次数：1
1997720,次数：1
1834627,次数：1
1557952,次数：7
1775357,次数：1
1912815,次数：1
1824058,次数：1
1775352,次数：1
1538971,次数：1
1894236,次数：1
1883965,次数：1
1853333,次数：1
1331681,次数：1
1567523,次数：1
1874505,次数：1
1830843,次数：2
1384584,次数：1
1566123,次数：1
1342704,次数：1
1311913,次数：1
1570040,次数：1
1866366,次数：1
1564066,次数：1
1775356,次数：1
1999764,次数：1
1353039,次数：1
1824057,次数：1
1557213,次数：1
1331645,次数：1
1775353,次数：2
1598247,次数：1
1332738,次数：3
1850054,次数：1
1776209,次数：1
1881520,次数：1
1356960,次数：1
1814391,次数：1
1866369,次数：1
1852358,次数：1
1503801,次数：1
1762823,次数：1
1732399,次数：1
1816816,次数：1
1898272,次数：1
1733722,次数：1
1771441,次数：1
1556617,次数：1
1593279,次数：1
1763621,次数：1
1570041,次数：1
1586792,次数：1
1500982,次数：1
1520458,次数：1
1337876,次数：1
1878014,次数：1
1993134,次数：1
1774632,次数：7
1304572,次数：1
1534372,次数：11
1762545,次数：3
1511439,次数：1
1993926,次数：1
1897271,次数：1
1809894,次数：1
1783916,次数：1
1828382,次数：1
1555864,次数：1
1318832,次数：14
1807207,次数：1
1762661,次数：2
1309795,次数：1
1599092,次数：1
1352615,次数：1
1584541,次数：1
1750154,次数：1
1565786,次数：1
1597007,次数：1
1347278,次数：1
1345676,次数：1
1382815,次数：1
1762867,次数：1
1394359,次数：1
1584848,次数：1
1762508,次数：3
1504277,次数：1
1569556,次数：1
1520702,次数：1
1850379,次数：1
1801343,次数：1
1328621,次数：1
1528193,次数：2
1369616,次数：4
1343633,次数：1
1317889,次数：1
1762509,次数：2
1996071,次数：4
1352290,次数：5
1330605,次数：1
1335299,次数：2
1768025,次数：1
1563305,次数：1
1538618,次数：1
1355373,次数：1
1593773,次数：1
1852150,次数：1
1358970,次数：1
1808386,次数：1
1335252,次数：1
1313065,次数：1
1528231,次数：1
1312566,次数：1
1587517,次数：1
1314302,次数：1
1782822,次数：3
1509982,次数：1
1873855,次数：1
1366602,次数：1
1303315,次数：1
1762662,次数：1
1528012,次数：1
1507618,次数：1
1538357,次数：1
1532655,次数：1
1992872,次数：2
1762663,次数：2
1370077,次数：1
1594607,次数：1
1518229,次数：2
1762665,次数：1
1308916,次数：1
1360667,次数：1
1336005,次数：5
1824433,次数：1
1762667,次数：2
1872885,次数：2
1872881,次数：7
1398133,次数：2
1514401,次数：1
1713649,次数：1
1338508,次数：1
1337290,次数：3
1365763,次数：1
1382595,次数：1
1838464,次数：4
1367962,次数：3
1340334,次数：1
1553809,次数：1
1564599,次数：1
1755156,次数：1
1518318,次数：1
1372757,次数：1
1528195,次数：2
1523301,次数：1
1735376,次数：1
1863798,次数：1
1733518,次数：1
1755160,次数：1
1866530,次数：1
1553921,次数：1
1828467,次数：1
1389802,次数：1
1524341,次数：1
1389803,次数：2
1894533,次数：1
1363333,次数：1
1828332,次数：1
1503053,次数：1
1518220,次数：3
1330690,次数：1
1838013,次数：1
1513874,次数：1
1324458,次数：1
1326365,次数：2
1894396,次数：1
1310965,次数：1
1474826,次数：1
1524287,次数：1
1302983,次数：2
1809098,次数：1
1772216,次数：1
1734420,次数：1
1762328,次数：1
1342151,次数：1
1315981,次数：1
1505190,次数：2
1306682,次数：1
1594560,次数：1
1780453,次数：1
1565618,次数：1
1311116,次数：1
1848330,次数：1
1320626,次数：2
1307390,次数：1
1532284,次数：1
1306240,次数：1
1890264,次数：1
1710503,次数：1
1369245,次数：1
1995948,次数：1
1843925,次数：1
1565125,次数：1
1570677,次数：1
1398132,次数：1
1733369,次数：1
1333738,次数：3
1331644,次数：1
1336006,次数：8
1529619,次数：2
1834866,次数：1
1560486,次数：1
1503672,次数：1
1361674,次数：1
1760127,次数：1
1331429,次数：1
1508946,次数：1
1334693,次数：2
1311559,次数：3
1523304,次数：1
1311914,次数：1
1736601,次数：1
1713329,次数：1
1557034,次数：1
1768897,次数：1
1718170,次数：1
1663799,次数：1
1337050,次数：1
1305000,次数：1
1353110,次数：1
1586585,次数：1
1367196,次数：1
1777670,次数：3
1583882,次数：2
1822602,次数：1
1778432,次数：1
1877960,次数：1
1507113,次数：1
1379991,次数：1
1760503,次数：2
1310591,次数：1
1319908,次数：1
1478067,次数：3
1327776,次数：1
1864885,次数：1
1508226,次数：2
1394136,次数：1
1830308,次数：1
1772993,次数：1
1594273,次数：1
1650917,次数：1
1379548,次数：1
1779673,次数：1
1802749,次数：1
1335116,次数：1
1327426,次数：1
1596463,次数：1
1802454,次数：1
1802803,次数：1
1536050,次数：1
1801177,次数：1
1336136,次数：1
1568354,次数：1
1575681,次数：1
1868529,次数：1
1510163,次数：1
1305538,次数：1
1875837,次数：1
1832895,次数：1
1336007,次数：3
1369001,次数：1
1862402,次数：1
1864129,次数：1
1860596,次数：1
1896970,次数：1
1341398,次数：1
1325105,次数：1
1575509,次数：1
1364536,次数：1
1571155,次数：1
1896774,次数：1
1550544,次数：1
1305789,次数：1
1761422,次数：1
1302018,次数：1
1519522,次数：1
1478061,次数：4
1538154,次数：1
1894649,次数：1
1535592,次数：1
1897072,次数：1
1323097,次数：1
1896874,次数：1
1827082,次数：1
1878153,次数：2
1309775,次数：1
1880053,次数：1
1565117,次数：1
1340866,次数：1
1595712,次数：1
1355281,次数：1
1982558,次数：1
1365977,次数：1
1335884,次数：1
1864473,次数：1
1663013,次数：1
1532491,次数：1
1518330,次数：1
1585306,次数：1
1817656,次数：1
1557868,次数：1
1568429,次数：1
1539241,次数：1
1511890,次数：1
1832888,次数：1
1334560,次数：1
1810384,次数：1
1339042,次数：1
1335429,次数：1
1343774,次数：1
1478065,次数：3
1508225,次数：2
1331409,次数：1
1760254,次数：1
1335880,次数：1
1512743,次数：1
1820140,次数：1
1855549,次数：1
1828911,次数：1
1478066,次数：3
1307292,次数：1
1537872,次数：1
1338371,次数：1
1508904,次数：1
1889494,次数：1
1478064,次数：1
1733461,次数：19
1503338,次数：2
1334239,次数：1
1832536,次数：1
1508229,次数：2
1873683,次数：1
1522778,次数：1
1778305,次数：1
1330989,次数：1
1599382,次数：1
1865986,次数：1
1826006,次数：1
1526505,次数：1
1820024,次数：1
1382593,次数：1
1768589,次数：1
1594075,次数：1
1557945,次数：1
1534380,次数：1
1312156,次数：1
1863216,次数：1
1814562,次数：1
1507666,次数：1
1380425,次数：1
1346104,次数：1
1864991,次数：2
1665930,次数：1
1838345,次数：2
1348390,次数：1
1519637,次数：1
1322312,次数：1
1352650,次数：1
1394321,次数：1
1336168,次数：1
1864225,次数：1
1565967,次数：1
1341901,次数：1
1813728,次数：1
1587540,次数：1
1773961,次数：1
1314531,次数：1
1528298,次数：1
1326369,次数：1
1855110,次数：1
1589134,次数：1
1329072,次数：1
1864990,次数：2
1306041,次数：1
1310601,次数：1
1582162,次数：1
1839598,次数：1
1577101,次数：1
1570518,次数：1
1313067,次数：3
1529662,次数：1
1385941,次数：1
1532471,次数：1
1850772,次数：1
1386958,次数：1
1807107,次数：1
1369596,次数：1
1806033,次数：1
1332386,次数：1
1478063,次数：1
1768992,次数：1
1991331,次数：1
1871011,次数：1
1372326,次数：1
1508227,次数：1
1307584,次数：1
1478069,次数：1
1551004,次数：1
1765905,次数：1
1314638,次数：1
1510252,次数：1
1311591,次数：1
1581210,次数：1
1329082,次数：1
1702218,次数：1
1561182,次数：1
1803786,次数：1
1576026,次数：1
1822407,次数：1
1534383,次数：1
1992651,次数：1
1524349,次数：1
1326155,次数：1
1867822,次数：1
1803747,次数：1
1334383,次数：1
1803757,次数：1
1830822,次数：3
1803745,次数：2
1521755,次数：1
1892189,次数：1
1312894,次数：1
1853757,次数：1
1834965,次数：1
1834175,次数：1
1803778,次数：1
1993197,次数：1
1834854,次数：1
1893229,次数：1
1836044,次数：1
1594175,次数：1
1310597,次数：1
1393085,次数：1
1310762,次数：1
1516668,次数：1
1334138,次数：4
1878005,次数：1
1834076,次数：1
1510054,次数：1
1322785,次数：1
1773741,次数：2
1773729,次数：1
1560836,次数：2
1576021,次数：1
1515872,次数：1
1813767,次数：1
1597356,次数：1
1850876,次数：1
1573203,次数：1
1341483,次数：1
1835663,次数：1
1773473,次数：1
1584351,次数：1
1375654,次数：1
1838344,次数：2
1369839,次数：1
1391757,次数：1
1566504,次数：1
1321251,次数：1
1879277,次数：1
1774940,次数：1
1398175,次数：1
1781308,次数：1
1811125,次数：1
1881376,次数：1
1339318,次数：1
1875942,次数：1
1773479,次数：1
1817809,次数：1
1375647,次数：1
1764150,次数：1
1352295,次数：1
1833751,次数：1
1532478,次数：7
1355250,次数：1
1782654,次数：1
1779687,次数：1
1768531,次数：1
1801301,次数：1
1532333,次数：1
1536069,次数：1
1521464,次数：1
1768943,次数：1
1383807,次数：1
1834607,次数：1
1822173,次数：1
1767990,次数：1
1885238,次数：1
1859677,次数：1
1713956,次数：1
1329098,次数：1
1662015,次数：1
1304591,次数：1
1551699,次数：1
1876221,次数：1
1851933,次数：1
1317862,次数：1
1562160,次数：1
1822441,次数：1
1667323,次数：1
1528145,次数：1
1860337,次数：1
1559029,次数：1
1335976,次数：2
1734731,次数：1
1598493,次数：1
1577458,次数：1
1319835,次数：1
1342117,次数：1
1567322,次数：1
1822714,次数：2
1775966,次数：1
1525123,次数：1
1519698,次数：1
1364194,次数：1
1865364,次数：4
1343801,次数：1
1338965,次数：1
1337296,次数：1
1518386,次数：1
1367435,次数：1
1523261,次数：1
1809517,次数：1
1327852,次数：1
1502868,次数：1
1312920,次数：1
1367367,次数：1
1303903,次数：1
1802225,次数：1
1803737,次数：1
1804185,次数：1
1302377,次数：1
1340961,次数：1
1802490,次数：1
1893909,次数：1
1803950,次数：1
1550700,次数：1
1327804,次数：1
1589247,次数：1
1312565,次数：1
1381151,次数：1
1831221,次数：1
1890380,次数：1
1761683,次数：1
1872565,次数：1
1893531,次数：1
1309102,次数：1
1500669,次数：1
1377640,次数：1
1301489,次数：1
1596491,次数：1
1513152,次数：1
1877226,次数：1
1320250,次数：1
1599631,次数：1
1885788,次数：1
1504512,次数：1
1775772,次数：1
1650892,次数：1
1305070,次数：1
1550230,次数：1
1831073,次数：1
1306792,次数：1
1326381,次数：2
1323198,次数：1
1358457,次数：1
1504234,次数：1
1866843,次数：1
1561062,次数：1
1307368,次数：2
1815613,次数：5
1856151,次数：1
1307362,次数：1
1352291,次数：6
1506919,次数：1
1532236,次数：1
1317506,次数：1
1593622,次数：1
1318699,次数：1
1352296,次数：1
1830984,次数：1
1777286,次数：1
1892402,次数：1
1760002,次数：1
1881950,次数：1
1871868,次数：1
1802347,次数：1
1865711,次数：1
1862549,次数：1
1329671,次数：1
1599911,次数：1
1377358,次数：1
1866809,次数：1
1564506,次数：1
1895154,次数：1
1302361,次数：1
1823199,次数：1
1566907,次数：1
1320222,次数：1
1871007,次数：1
1302362,次数：1
1308511,次数：1
1899828,次数：1
1306531,次数：3
1365865,次数：1
1307189,次数：1
1596082,次数：1
1322106,次数：1
1555168,次数：1
1328203,次数：1
1321670,次数：1
1821072,次数：1
1309378,次数：1
1333954,次数：1
1866794,次数：1
1894460,次数：1
1312391,次数：1
1530454,次数：1
1307361,次数：1
1896779,次数：1
1335164,次数：1
1996647,次数：1
1381201,次数：1
1369507,次数：1
1321613,次数：1
1334738,次数：1
1663619,次数：1
1586099,次数：1
1588428,次数：1
1313599,次数：1
1518228,次数：1
1818510,次数：1
1876779,次数：1
1764360,次数：1
1821497,次数：1
1532669,次数：1
1335176,次数：1
1573361,次数：1
1393572,次数：1
1524121,次数：1
1773019,次数：1
1893788,次数：1
1570209,次数：1
1535780,次数：2
1346498,次数：1
1778705,次数：1
1358844,次数：1
1334728,次数：1
1310089,次数：1
1511459,次数：1
1712359,次数：1
1805038,次数：1
1554635,次数：1
1337229,次数：1
1774644,次数：1
1895615,次数：2
1378512,次数：1
1765907,次数：3
1337711,次数：1
1302384,次数：1
1392586,次数：1
1768922,次数：1
1772487,次数：3
1551186,次数：1
1345723,次数：1
1757682,次数：1
1762125,次数：1
1502891,次数：1
1508017,次数：1
1878456,次数：1
1370762,次数：1
1551792,次数：1
1884145,次数：1
1304504,次数：2
1376412,次数：1
1705175,次数：8
1824849,次数：1
1730439,次数：1
1323232,次数：1
1508870,次数：1
1706878,次数：1
1336308,次数：1
1594132,次数：1
1667071,次数：1
1757600,次数：1
1352367,次数：1
1575546,次数：1
1504044,次数：1
1399845,次数：1
1384061,次数：1
1569965,次数：1
1992681,次数：1
1532481,次数：1
1360693,次数：1
1555360,次数：1
1877305,次数：1
1773781,次数：1
1834660,次数：1
1350412,次数：1
1363413,次数：1
1339432,次数：1
1880453,次数：1
1652080,次数：1
1320688,次数：1
1337337,次数：1
1838380,次数：1
1760682,次数：1
1315929,次数：1
1731018,次数：1
1561070,次数：1
1561029,次数：1
1577503,次数：1
1303045,次数：1
1323196,次数：1
1375785,次数：1
1386357,次数：1
1595716,次数：1
1557815,次数：1
1326689,次数：1
1364761,次数：1
1565509,次数：1
1583943,次数：1
1510461,次数：1
1321458,次数：1
1773912,次数：1
1735315,次数：1
1865570,次数：1
1825810,次数：1
1582440,次数：1
1553100,次数：1
1573204,次数：4
1733720,次数：2
1780105,次数：1
1781726,次数：1
1528026,次数：1
1592768,次数：1
1355288,次数：1
1523334,次数：1
1328871,次数：1
1503635,次数：1
1665536,次数：1
1586853,次数：2
1376309,次数：1
1760011,次数：1
1508873,次数：1
1357886,次数：1
1554423,次数：1
1882738,次数：1
1515816,次数：1
1583750,次数：1
1523739,次数：1
1660850,次数：1
1593138,次数：1
1391190,次数：1
1773743,次数：1
1371849,次数：1
1800693,次数：1
1665061,次数：1
1369925,次数：1
1899351,次数：1
1867103,次数：1
1377761,次数：1
1364618,次数：1
1782785,次数：1
1314691,次数：1
1528109,次数：1
1393216,次数：1
1855861,次数：1
1305421,次数：2
1824860,次数：1
1572686,次数：1
1324068,次数：1
1852221,次数：1
1323345,次数：1
1336301,次数：1
1377758,次数：1
1513334,次数：1
1316107,次数：1
1305422,次数：1
1776560,次数：1
1737653,次数：1
1596870,次数：1
1852320,次数：1
1370691,次数：1
1572783,次数：1
1553992,次数：1
1595812,次数：1
1554166,次数：1
1886831,次数：1
1373226,次数：1
1516812,次数：1
1371571,次数：1
1345609,次数：1
1357040,次数：1
1310105,次数：1
1856169,次数：1
1736676,次数：1
1552388,次数：1
1301561,次数：1
1586857,次数：1
1593833,次数：1
1591316,次数：1
1767717,次数：1
1342962,次数：1
1847531,次数：1
1516875,次数：1
1773927,次数：1
1324156,次数：1
1307593,次数：1
1525776,次数：1
1389796,次数：1
1700728,次数：1
1709189,次数：1
1353609,次数：1
1731056,次数：1
1577981,次数：1
1825820,次数：1
1369576,次数：1
1733005,次数：1
1385048,次数：1
1504114,次数：1
1339084,次数：4
1513150,次数：2
1393533,次数：1
1385279,次数：1
1322850,次数：1
1598831,次数：1
1394127,次数：1
1854595,次数：1
1838046,次数：1
1314692,次数：1
1307804,次数：1
1887801,次数：1
1373975,次数：1
1501019,次数：1
1303820,次数：1
1815309,次数：1
1359158,次数：1
1339085,次数：1
1817070,次数：1
1810712,次数：1
1505961,次数：1
1852416,次数：5
1871599,次数：1
1363255,次数：1
1767798,次数：1
1761420,次数：1
1317617,次数：1
1539735,次数：1
1513059,次数：1
1566877,次数：4
1570331,次数：1
1828034,次数：1
1563528,次数：1
1865982,次数：1
1310122,次数：1
1809471,次数：1
1599079,次数：1
1705199,次数：1
1343834,次数：1
1526814,次数：1
1583807,次数：1
1552511,次数：1
1850501,次数：1
1867071,次数：2
1302684,次数：1
1305894,次数：1
1876275,次数：1
1557726,次数：1
1874023,次数：1
1828048,次数：1
1370695,次数：1
1582541,次数：1
1853113,次数：1
1322667,次数：1
1763605,次数：1
1598246,次数：1
1555559,次数：1
1563084,次数：1
1335364,次数：1
1301476,次数：1
1331333,次数：1
1553775,次数：1
1896194,次数：1
1309141,次数：1
1353118,次数：1
1323860,次数：1
1305970,次数：1
1893437,次数：1
1312593,次数：1
1310641,次数：1
1384459,次数：1
1514227,次数：1
1873197,次数：1
1801633,次数：1
1328925,次数：1
1753921,次数：1
1825385,次数：1
1852432,次数：1
1732480,次数：1
1386448,次数：1
1587312,次数：1
1366174,次数：1
1313872,次数：1
1755036,次数：1
1323883,次数：1
1312607,次数：1
1375779,次数：1
1853190,次数：1
1306974,次数：1
1387896,次数：1
1305904,次数：2
1815985,次数：1
1311915,次数：1
1824163,次数：1
1317536,次数：1
1884296,次数：1
1557208,次数：1
1341277,次数：1
1564598,次数：1
1897474,次数：1
1330420,次数：1
1557976,次数：1
1768812,次数：1
1707964,次数：1
1597318,次数：1
1322768,次数：1
1536974,次数：1
1316984,次数：1
1315833,次数：1
1310459,次数：1
1558564,次数：2
1397760,次数：1
1788987,次数：1
1312622,次数：1
1800454,次数：1
1773747,次数：1
1558836,次数：1
1804546,次数：1
1557846,次数：1
1332954,次数：2
1396041,次数：1
1563699,次数：1
1534454,次数：1
1317700,次数：1
1531629,次数：1
1837096,次数：1
1385228,次数：1
1384680,次数：1
1594413,次数：1
1577599,次数：1
1500614,次数：1
1334954,次数：1
1320680,次数：1
1368533,次数：1
1760444,次数：1
1354854,次数：1
1557853,次数：1
1860369,次数：1
1532657,次数：1
1319905,次数：1
1808876,次数：1
1592842,次数：1
1995562,次数：1
1882409,次数：1
1328660,次数：1
1864243,次数：1
1805748,次数：1
1343322,次数：1
1871921,次数：1
1910384,次数：1
1530756,次数：1
1550426,次数：1
1551590,次数：1
1316352,次数：1
1501706,次数：1
1392711,次数：1
1329940,次数：1
1826087,次数：1
1817033,次数：1
1898547,次数：1
1569429,次数：1
1768941,次数：1
1884205,次数：1
1517051,次数：1
1557849,次数：1
1886735,次数：1
1379427,次数：1
1599497,次数：1
1513058,次数：1
1392594,次数：1
1320696,次数：1
1551797,次数：1
1341845,次数：1
1853000,次数：1
1539388,次数：1
1383847,次数：1
1861794,次数：1
1511116,次数：1
1772561,次数：1
1806645,次数：1
1768947,次数：1
1395119,次数：1
1506760,次数：1
1595871,次数：1
1878006,次数：1
1730331,次数：1
